build/app/outputs/mapping/release/mapping.txt
# compiler: R8
# compiler_version: 1.5.64
# min_api: 21
# pg_map_id: 291c243
com.example.the_second.MainActivity -> com.example.the_second.MainActivity:
    void configureFlutterEngine(io.flutter.embedding.engine.FlutterEngine) -> b
...
io.flutter.embedding.android.FlutterActivityLaunchConfigs$BackgroundMode -> c.a.b.a.f:
    io.flutter.embedding.android.FlutterActivityLaunchConfigs$BackgroundMode transparent -> c
    io.flutter.embedding.android.FlutterActivityLaunchConfigs$BackgroundMode[] $VALUES -> d
    io.flutter.embedding.android.FlutterActivityLaunchConfigs$BackgroundMode opaque -> b
io.flutter.embedding.android.FlutterEngineConfigurator -> c.a.b.a.g:
io.flutter.embedding.android.FlutterEngineProvider -> c.a.b.a.h:
io.flutter.embedding.android.FlutterSplashView -> c.a.b.a.i:
    java.lang.String previousCompletedSplashIsolate -> g
    java.lang.String transitioningIsolateId -> f
    io.flutter.embedding.android.SplashScreen splashScreen -> b
    java.lang.String TAG -> k
    io.flutter.embedding.android.FlutterView flutterView -> c
    android.os.Bundle splashScreenState -> e
    io.flutter.embedding.engine.renderer.FlutterUiDisplayListener flutterUiDisplayListener -> i
    io.flutter.embedding.android.FlutterView$FlutterEngineAttachmentListener flutterEngineAttachmentListener -> h
    java.lang.Runnable onTransitionComplete -> j
    android.view.View splashScreenView -> d
    io.flutter.embedding.android.FlutterView access$000(io.flutter.embedding.android.FlutterSplashView) -> a
    java.lang.String access$402(io.flutter.embedding.android.FlutterSplashView,java.lang.String) -> a
    void displayFlutterViewWithSplash(io.flutter.embedding.android.FlutterView,io.flutter.embedding.android.SplashScreen) -> a
    boolean hasSplashCompleted() -> a
    io.flutter.embedding.android.SplashScreen access$100(io.flutter.embedding.android.FlutterSplashView) -> b
    boolean isSplashScreenNeededNow() -> b
    void access$200(io.flutter.embedding.android.FlutterSplashView) -> c
    boolean isSplashScreenTransitionNeededNow() -> c
    android.view.View access$300(io.flutter.embedding.android.FlutterSplashView) -> d
    void transitionToFlutter() -> d
io.flutter.embedding.android.FlutterSplashView$1 -> c.a.b.a.i$a:
    io.flutter.embedding.android.FlutterSplashView this$0 -> a
    void onFlutterEngineAttachedToFlutterView(io.flutter.embedding.engine.FlutterEngine) -> a
    void onFlutterEngineDetachedFromFlutterView() -> a
io.flutter.embedding.android.FlutterSplashView$2 -> c.a.b.a.i$b:
    io.flutter.embedding.android.FlutterSplashView this$0 -> a
    void onFlutterUiNoLongerDisplayed() -> a
    void onFlutterUiDisplayed() -> b
io.flutter.embedding.android.FlutterSplashView$3 -> c.a.b.a.i$c:
    io.flutter.embedding.android.FlutterSplashView this$0 -> b
io.flutter.embedding.android.FlutterSplashView$SavedState -> c.a.b.a.i$d:
    android.os.Bundle splashScreenState -> c
    java.lang.String previousCompletedSplashIsolate -> b
    java.lang.String access$600(io.flutter.embedding.android.FlutterSplashView$SavedState) -> a
    java.lang.String access$602(io.flutter.embedding.android.FlutterSplashView$SavedState,java.lang.String) -> a
    android.os.Bundle access$702(io.flutter.embedding.android.FlutterSplashView$SavedState,android.os.Bundle) -> a
    android.os.Bundle access$700(io.flutter.embedding.android.FlutterSplashView$SavedState) -> b
io.flutter.embedding.android.FlutterSplashView$SavedState$1 -> c.a.b.a.i$d$a: